{"message":"Service https://www.google.com working...OK","level":"low","createdAt":"2023-11-14T21:09:15.330Z"}
{"message":"Service https://www.google.com working...OK","level":"low","createdAt":"2023-11-14T21:09:20.116Z"}
{"message":"Service https://www.google.com working...OK","level":"low","createdAt":"2023-11-14T21:09:25.229Z"}
{"message":"Service https://www.google.com working...OK","level":"low","createdAt":"2023-11-14T21:09:30.120Z"}
{"message":"Service https://www.google.com working...OK","level":"low","createdAt":"2023-11-14T21:09:35.227Z"}
{"message":"Service https://www.google.com working...OK","level":"low","createdAt":"2023-11-14T21:09:40.114Z"}
{"message":"Service https://www.google.com working...OK","level":"low","createdAt":"2023-11-14T21:09:45.216Z"}
{"message":"Service https://www.google.com working...OK","level":"low","createdAt":"2023-11-14T21:09:50.108Z"}
{"message":"Service https://www.google.com working...OK","level":"low","createdAt":"2023-11-14T21:09:55.278Z"}
{"message":"Service https://www.google.com working...OK","level":"low","createdAt":"2023-11-14T21:10:00.440Z"}
{"message":"Service https://www.google.com working...OK","level":"low","createdAt":"2023-11-14T21:10:05.152Z"}
{"message":"Service https://www.google.com working...OK","level":"low","createdAt":"2023-11-14T21:10:10.233Z"}
{"message":"TypeError: fetch failed","level":"low","createdAt":"2023-11-14T21:10:15.122Z"}
{"message":"TypeError: fetch failed","level":"low","createdAt":"2023-11-14T21:10:20.012Z"}
{"message":"TypeError: fetch failed","level":"low","createdAt":"2023-11-14T21:10:25.017Z"}
{"message":"TypeError: fetch failed","level":"low","createdAt":"2023-11-14T21:10:30.016Z"}
{"message":"TypeError: fetch failed","level":"low","createdAt":"2023-11-14T21:10:35.012Z"}
{"message":"TypeError: fetch failed","level":"low","createdAt":"2023-11-14T21:10:40.019Z"}
{"message":"TypeError: fetch failed","level":"low","createdAt":"2023-11-14T21:10:45.007Z"}
{"message":"TypeError: fetch failed","level":"high","createdAt":"2023-11-14T21:11:30.085Z"}
{"message":"TypeError: fetch failed","level":"high","createdAt":"2023-11-14T21:11:35.013Z"}
{"message":"TypeError: fetch failed","level":"high","createdAt":"2023-11-14T21:11:40.009Z"}
{"message":"TypeError: fetch failed","level":"high","createdAt":"2023-11-14T21:11:45.010Z"}
{"message":"TypeError: fetch failed","level":"high","createdAt":"2023-11-14T21:11:50.015Z"}
{"message":"TypeError: fetch failed","level":"high","createdAt":"2023-11-14T21:11:55.004Z"}
{"message":"TypeError: fetch failed","level":"high","createdAt":"2023-11-14T21:12:00.014Z"}
{"message":"TypeError: fetch failed","level":"high","createdAt":"2023-11-14T21:12:05.010Z"}
{"message":"https://localhost:3000 TypeError: fetch failed","level":"high","createdAt":"2023-11-14T21:12:20.088Z"}
{"message":"https://localhost:3000 TypeError: fetch failed","level":"high","createdAt":"2023-11-14T21:12:25.018Z"}
{"message":"https://localhost:3000 TypeError: fetch failed","level":"high","createdAt":"2023-11-14T21:12:30.015Z"}
{"message":"https://localhost:3000 is not working... TypeError: fetch failed","level":"high","createdAt":"2023-11-14T21:12:35.086Z"}
{"message":"https://localhost:3000 is not working... TypeError: fetch failed","level":"high","createdAt":"2023-11-14T21:12:40.008Z"}
{"message":"https://localhost:3000 is not working... TypeError: fetch failed","level":"high","createdAt":"2023-11-14T21:12:45.008Z"}
{"message":"https://localhost:3000 is not working... TypeError: fetch failed","level":"high","createdAt":"2023-11-14T21:12:50.006Z"}
{"message":"https://localhost:3000 is not working... TypeError: fetch failed","level":"high","createdAt":"2023-11-14T21:12:55.022Z"}
{"message":"https://localhost:3000 is not working... TypeError: fetch failed","level":"high","createdAt":"2023-11-14T21:13:00.009Z"}
